DEBUG - 2025-06-12 12:56:34 --> Session: Class initialized using 'CodeIgniter\Session\Handlers\FileHandler' driver.
DEBUG - 2025-06-12 12:56:38 --> Session: Class initialized using 'CodeIgniter\Session\Handlers\FileHandler' driver.
DEBUG - 2025-06-12 13:48:41 --> Session: Class initialized using 'CodeIgniter\Session\Handlers\FileHandler' driver.
ERROR - 2025-06-12 13:48:45 --> Error connecting to the database: mysqli_sql_exception: No connection could be made because the target machine actively refused it in C:\Users\Charles Laurence\Documents\System_CI\my_apollo_ci\system\Database\MySQLi\Connection.php:201
Stack trace:
#0 C:\Users\Charles Laurence\Documents\System_CI\my_apollo_ci\system\Database\MySQLi\Connection.php(201): mysqli->real_connect()
#1 C:\Users\Charles Laurence\Documents\System_CI\my_apollo_ci\system\Database\BaseConnection.php(421): CodeIgniter\Database\MySQLi\Connection->connect()
#2 C:\Users\Charles Laurence\Documents\System_CI\my_apollo_ci\system\Database\BaseConnection.php(620): CodeIgniter\Database\BaseConnection->initialize()
#3 C:\Users\Charles Laurence\Documents\System_CI\my_apollo_ci\system\Database\BaseBuilder.php(1649): CodeIgniter\Database\BaseConnection->query()
#4 C:\Users\Charles Laurence\Documents\System_CI\my_apollo_ci\system\Model.php(286): CodeIgniter\Database\BaseBuilder->get()
#5 C:\Users\Charles Laurence\Documents\System_CI\my_apollo_ci\system\BaseModel.php(679): CodeIgniter\Model->doFindAll()
#6 C:\Users\Charles Laurence\Documents\System_CI\my_apollo_ci\app\Models\CategoryModel.php(14): CodeIgniter\BaseModel->findAll()
#7 C:\Users\Charles Laurence\Documents\System_CI\my_apollo_ci\app\Controllers\Users.php(83): App\Models\CategoryModel->getAllCategory()
#8 C:\Users\Charles Laurence\Documents\System_CI\my_apollo_ci\system\CodeIgniter.php(933): App\Controllers\Users->home()
#9 C:\Users\Charles Laurence\Documents\System_CI\my_apollo_ci\system\CodeIgniter.php(507): CodeIgniter\CodeIgniter->runController()
#10 C:\Users\Charles Laurence\Documents\System_CI\my_apollo_ci\system\CodeIgniter.php(354): CodeIgniter\CodeIgniter->handleRequest()
#11 C:\Users\Charles Laurence\Documents\System_CI\my_apollo_ci\system\Boot.php(334): CodeIgniter\CodeIgniter->run()
#12 C:\Users\Charles Laurence\Documents\System_CI\my_apollo_ci\system\Boot.php(67): CodeIgniter\Boot::runCodeIgniter()
#13 C:\Users\Charles Laurence\Documents\System_CI\my_apollo_ci\public\index.php(59): CodeIgniter\Boot::bootWeb()
#14 C:\Users\Charles Laurence\Documents\System_CI\my_apollo_ci\system\rewrite.php(44): require_once('...')
#15 {main}

Next CodeIgniter\Database\Exceptions\DatabaseException: No connection could be made because the target machine actively refused it in C:\Users\Charles Laurence\Documents\System_CI\my_apollo_ci\system\Database\MySQLi\Connection.php:246
Stack trace:
#0 C:\Users\Charles Laurence\Documents\System_CI\my_apollo_ci\system\Database\BaseConnection.php(421): CodeIgniter\Database\MySQLi\Connection->connect()
#1 C:\Users\Charles Laurence\Documents\System_CI\my_apollo_ci\system\Database\BaseConnection.php(620): CodeIgniter\Database\BaseConnection->initialize()
#2 C:\Users\Charles Laurence\Documents\System_CI\my_apollo_ci\system\Database\BaseBuilder.php(1649): CodeIgniter\Database\BaseConnection->query()
#3 C:\Users\Charles Laurence\Documents\System_CI\my_apollo_ci\system\Model.php(286): CodeIgniter\Database\BaseBuilder->get()
#4 C:\Users\Charles Laurence\Documents\System_CI\my_apollo_ci\system\BaseModel.php(679): CodeIgniter\Model->doFindAll()
#5 C:\Users\Charles Laurence\Documents\System_CI\my_apollo_ci\app\Models\CategoryModel.php(14): CodeIgniter\BaseModel->findAll()
#6 C:\Users\Charles Laurence\Documents\System_CI\my_apollo_ci\app\Controllers\Users.php(83): App\Models\CategoryModel->getAllCategory()
#7 C:\Users\Charles Laurence\Documents\System_CI\my_apollo_ci\system\CodeIgniter.php(933): App\Controllers\Users->home()
#8 C:\Users\Charles Laurence\Documents\System_CI\my_apollo_ci\system\CodeIgniter.php(507): CodeIgniter\CodeIgniter->runController()
#9 C:\Users\Charles Laurence\Documents\System_CI\my_apollo_ci\system\CodeIgniter.php(354): CodeIgniter\CodeIgniter->handleRequest()
#10 C:\Users\Charles Laurence\Documents\System_CI\my_apollo_ci\system\Boot.php(334): CodeIgniter\CodeIgniter->run()
#11 C:\Users\Charles Laurence\Documents\System_CI\my_apollo_ci\system\Boot.php(67): CodeIgniter\Boot::runCodeIgniter()
#12 C:\Users\Charles Laurence\Documents\System_CI\my_apollo_ci\public\index.php(59): CodeIgniter\Boot::bootWeb()
#13 C:\Users\Charles Laurence\Documents\System_CI\my_apollo_ci\system\rewrite.php(44): require_once('...')
#14 {main}
CRITICAL - 2025-06-12 13:48:45 --> CodeIgniter\Database\Exceptions\DatabaseException: Unable to connect to the database.
Main connection [MySQLi]: No connection could be made because the target machine actively refused it
[Method: GET, Route: home]
in SYSTEMPATH\Database\BaseConnection.php on line 467.
 1 SYSTEMPATH\Database\BaseConnection.php(620): CodeIgniter\Database\BaseConnection->initialize()
 2 SYSTEMPATH\Database\BaseBuilder.php(1649): CodeIgniter\Database\BaseConnection->query()
 3 SYSTEMPATH\Model.php(286): CodeIgniter\Database\BaseBuilder->get()
 4 SYSTEMPATH\BaseModel.php(679): CodeIgniter\Model->doFindAll()
 5 APPPATH\Models\CategoryModel.php(14): CodeIgniter\BaseModel->findAll()
 6 APPPATH\Controllers\Users.php(83): App\Models\CategoryModel->getAllCategory()
 7 SYSTEMPATH\CodeIgniter.php(933): App\Controllers\Users->home()
 8 SYSTEMPATH\CodeIgniter.php(507): CodeIgniter\CodeIgniter->runController()
 9 SYSTEMPATH\CodeIgniter.php(354): CodeIgniter\CodeIgniter->handleRequest()
10 SYSTEMPATH\Boot.php(334): CodeIgniter\CodeIgniter->run()
11 SYSTEMPATH\Boot.php(67): CodeIgniter\Boot::runCodeIgniter()
12 FCPATH\index.php(59): CodeIgniter\Boot::bootWeb()
13 SYSTEMPATH\rewrite.php(44): require_once('C:\\Users\\Charles Laurence\\Documents\\System_CI\\my_apollo_ci\\public\\index.php')
DEBUG - 2025-06-12 13:50:06 --> Session: Class initialized using 'CodeIgniter\Session\Handlers\FileHandler' driver.
DEBUG - 2025-06-12 13:52:05 --> Session: Class initialized using 'CodeIgniter\Session\Handlers\FileHandler' driver.
DEBUG - 2025-06-12 13:52:05 --> Session: Class initialized using 'CodeIgniter\Session\Handlers\FileHandler' driver.
DEBUG - 2025-06-12 13:52:12 --> Session: Class initialized using 'CodeIgniter\Session\Handlers\FileHandler' driver.
DEBUG - 2025-06-12 13:52:13 --> Session: Class initialized using 'CodeIgniter\Session\Handlers\FileHandler' driver.
ERROR - 2025-06-12 13:52:13 --> mysqli_sql_exception: Table 'simpleordersystem.feedback' doesn't exist in C:\Users\Charles Laurence\Documents\System_CI\my_apollo_ci\system\Database\MySQLi\Connection.php:327
Stack trace:
#0 C:\Users\Charles Laurence\Documents\System_CI\my_apollo_ci\system\Database\MySQLi\Connection.php(327): mysqli->query()
#1 C:\Users\Charles Laurence\Documents\System_CI\my_apollo_ci\system\Database\BaseConnection.php(738): CodeIgniter\Database\MySQLi\Connection->execute()
#2 C:\Users\Charles Laurence\Documents\System_CI\my_apollo_ci\system\Database\BaseConnection.php(652): CodeIgniter\Database\BaseConnection->simpleQuery()
#3 C:\Users\Charles Laurence\Documents\System_CI\my_apollo_ci\system\Database\BaseBuilder.php(1733): CodeIgniter\Database\BaseConnection->query()
#4 C:\Users\Charles Laurence\Documents\System_CI\my_apollo_ci\app\Controllers\Admin.php(39): CodeIgniter\Database\BaseBuilder->countAllResults()
#5 C:\Users\Charles Laurence\Documents\System_CI\my_apollo_ci\system\CodeIgniter.php(933): App\Controllers\Admin->dashboard()
#6 C:\Users\Charles Laurence\Documents\System_CI\my_apollo_ci\system\CodeIgniter.php(507): CodeIgniter\CodeIgniter->runController()
#7 C:\Users\Charles Laurence\Documents\System_CI\my_apollo_ci\system\CodeIgniter.php(354): CodeIgniter\CodeIgniter->handleRequest()
#8 C:\Users\Charles Laurence\Documents\System_CI\my_apollo_ci\system\Boot.php(334): CodeIgniter\CodeIgniter->run()
#9 C:\Users\Charles Laurence\Documents\System_CI\my_apollo_ci\system\Boot.php(67): CodeIgniter\Boot::runCodeIgniter()
#10 C:\Users\Charles Laurence\Documents\System_CI\my_apollo_ci\public\index.php(59): CodeIgniter\Boot::bootWeb()
#11 C:\Users\Charles Laurence\Documents\System_CI\my_apollo_ci\system\rewrite.php(44): require_once('...')
#12 {main}
DEBUG - 2025-06-12 13:52:16 --> Session: Class initialized using 'CodeIgniter\Session\Handlers\FileHandler' driver.
DEBUG - 2025-06-12 13:52:20 --> Session: Class initialized using 'CodeIgniter\Session\Handlers\FileHandler' driver.
DEBUG - 2025-06-12 13:52:22 --> Session: Class initialized using 'CodeIgniter\Session\Handlers\FileHandler' driver.
DEBUG - 2025-06-12 13:52:29 --> Session: Class initialized using 'CodeIgniter\Session\Handlers\FileHandler' driver.
DEBUG - 2025-06-12 13:52:29 --> Session: Class initialized using 'CodeIgniter\Session\Handlers\FileHandler' driver.
DEBUG - 2025-06-12 13:52:37 --> Session: Class initialized using 'CodeIgniter\Session\Handlers\FileHandler' driver.
DEBUG - 2025-06-12 13:53:25 --> Session: Class initialized using 'CodeIgniter\Session\Handlers\FileHandler' driver.
DEBUG - 2025-06-12 13:53:25 --> Session: Class initialized using 'CodeIgniter\Session\Handlers\FileHandler' driver.
DEBUG - 2025-06-12 13:53:34 --> Session: Class initialized using 'CodeIgniter\Session\Handlers\FileHandler' driver.
DEBUG - 2025-06-12 13:53:44 --> Session: Class initialized using 'CodeIgniter\Session\Handlers\FileHandler' driver.
DEBUG - 2025-06-12 13:54:02 --> Session: Class initialized using 'CodeIgniter\Session\Handlers\FileHandler' driver.
DEBUG - 2025-06-12 13:54:03 --> Session: Class initialized using 'CodeIgniter\Session\Handlers\FileHandler' driver.
DEBUG - 2025-06-12 13:54:06 --> Session: Class initialized using 'CodeIgniter\Session\Handlers\FileHandler' driver.
DEBUG - 2025-06-12 13:54:24 --> Session: Class initialized using 'CodeIgniter\Session\Handlers\FileHandler' driver.
DEBUG - 2025-06-12 13:54:25 --> Session: Class initialized using 'CodeIgniter\Session\Handlers\FileHandler' driver.
DEBUG - 2025-06-12 13:54:39 --> Session: Class initialized using 'CodeIgniter\Session\Handlers\FileHandler' driver.
DEBUG - 2025-06-12 13:55:04 --> Session: Class initialized using 'CodeIgniter\Session\Handlers\FileHandler' driver.
DEBUG - 2025-06-12 13:55:05 --> Session: Class initialized using 'CodeIgniter\Session\Handlers\FileHandler' driver.
DEBUG - 2025-06-12 13:55:23 --> Session: Class initialized using 'CodeIgniter\Session\Handlers\FileHandler' driver.
DEBUG - 2025-06-12 13:55:24 --> Session: Class initialized using 'CodeIgniter\Session\Handlers\FileHandler' driver.
DEBUG - 2025-06-12 13:55:28 --> Session: Class initialized using 'CodeIgniter\Session\Handlers\FileHandler' driver.
DEBUG - 2025-06-12 13:55:28 --> Session: Class initialized using 'CodeIgniter\Session\Handlers\FileHandler' driver.
DEBUG - 2025-06-12 13:55:32 --> Session: Class initialized using 'CodeIgniter\Session\Handlers\FileHandler' driver.
DEBUG - 2025-06-12 13:55:32 --> Session: Class initialized using 'CodeIgniter\Session\Handlers\FileHandler' driver.
DEBUG - 2025-06-12 13:55:34 --> Session: Class initialized using 'CodeIgniter\Session\Handlers\FileHandler' driver.
DEBUG - 2025-06-12 13:55:38 --> Session: Class initialized using 'CodeIgniter\Session\Handlers\FileHandler' driver.
DEBUG - 2025-06-12 13:55:39 --> Session: Class initialized using 'CodeIgniter\Session\Handlers\FileHandler' driver.
DEBUG - 2025-06-12 13:55:43 --> Session: Class initialized using 'CodeIgniter\Session\Handlers\FileHandler' driver.
DEBUG - 2025-06-12 13:55:43 --> Session: Class initialized using 'CodeIgniter\Session\Handlers\FileHandler' driver.
DEBUG - 2025-06-12 13:55:47 --> Session: Class initialized using 'CodeIgniter\Session\Handlers\FileHandler' driver.
DEBUG - 2025-06-12 13:55:47 --> Session: Class initialized using 'CodeIgniter\Session\Handlers\FileHandler' driver.
DEBUG - 2025-06-12 13:55:49 --> Session: Class initialized using 'CodeIgniter\Session\Handlers\FileHandler' driver.
DEBUG - 2025-06-12 13:55:54 --> Session: Class initialized using 'CodeIgniter\Session\Handlers\FileHandler' driver.
DEBUG - 2025-06-12 13:55:54 --> Session: Class initialized using 'CodeIgniter\Session\Handlers\FileHandler' driver.
DEBUG - 2025-06-12 13:55:57 --> Session: Class initialized using 'CodeIgniter\Session\Handlers\FileHandler' driver.
DEBUG - 2025-06-12 13:55:57 --> Session: Class initialized using 'CodeIgniter\Session\Handlers\FileHandler' driver.
DEBUG - 2025-06-12 13:55:59 --> Session: Class initialized using 'CodeIgniter\Session\Handlers\FileHandler' driver.
DEBUG - 2025-06-12 13:56:01 --> Session: Class initialized using 'CodeIgniter\Session\Handlers\FileHandler' driver.
DEBUG - 2025-06-12 13:56:08 --> Session: Class initialized using 'CodeIgniter\Session\Handlers\FileHandler' driver.
DEBUG - 2025-06-12 13:56:09 --> Session: Class initialized using 'CodeIgniter\Session\Handlers\FileHandler' driver.
DEBUG - 2025-06-12 13:56:14 --> Session: Class initialized using 'CodeIgniter\Session\Handlers\FileHandler' driver.
DEBUG - 2025-06-12 13:56:14 --> Session: Class initialized using 'CodeIgniter\Session\Handlers\FileHandler' driver.
DEBUG - 2025-06-12 13:56:25 --> Session: Class initialized using 'CodeIgniter\Session\Handlers\FileHandler' driver.
DEBUG - 2025-06-12 13:56:25 --> Session: Class initialized using 'CodeIgniter\Session\Handlers\FileHandler' driver.
DEBUG - 2025-06-12 13:56:30 --> Session: Class initialized using 'CodeIgniter\Session\Handlers\FileHandler' driver.
DEBUG - 2025-06-12 13:56:35 --> Session: Class initialized using 'CodeIgniter\Session\Handlers\FileHandler' driver.
DEBUG - 2025-06-12 13:56:35 --> Session: Class initialized using 'CodeIgniter\Session\Handlers\FileHandler' driver.
DEBUG - 2025-06-12 13:56:40 --> Session: Class initialized using 'CodeIgniter\Session\Handlers\FileHandler' driver.
DEBUG - 2025-06-12 13:56:40 --> Session: Class initialized using 'CodeIgniter\Session\Handlers\FileHandler' driver.
DEBUG - 2025-06-12 13:56:44 --> Session: Class initialized using 'CodeIgniter\Session\Handlers\FileHandler' driver.
DEBUG - 2025-06-12 13:56:44 --> Session: Class initialized using 'CodeIgniter\Session\Handlers\FileHandler' driver.
DEBUG - 2025-06-12 13:56:46 --> Session: Class initialized using 'CodeIgniter\Session\Handlers\FileHandler' driver.
DEBUG - 2025-06-12 13:56:50 --> Session: Class initialized using 'CodeIgniter\Session\Handlers\FileHandler' driver.
DEBUG - 2025-06-12 13:56:50 --> Session: Class initialized using 'CodeIgniter\Session\Handlers\FileHandler' driver.
DEBUG - 2025-06-12 13:56:53 --> Session: Class initialized using 'CodeIgniter\Session\Handlers\FileHandler' driver.
DEBUG - 2025-06-12 13:56:53 --> Session: Class initialized using 'CodeIgniter\Session\Handlers\FileHandler' driver.
DEBUG - 2025-06-12 13:56:56 --> Session: Class initialized using 'CodeIgniter\Session\Handlers\FileHandler' driver.
DEBUG - 2025-06-12 13:57:06 --> Session: Class initialized using 'CodeIgniter\Session\Handlers\FileHandler' driver.
DEBUG - 2025-06-12 13:57:06 --> Session: Class initialized using 'CodeIgniter\Session\Handlers\FileHandler' driver.
ERROR - 2025-06-12 13:57:06 --> mysqli_sql_exception: Table 'simpleordersystem.feedback' doesn't exist in C:\Users\Charles Laurence\Documents\System_CI\my_apollo_ci\system\Database\MySQLi\Connection.php:327
Stack trace:
#0 C:\Users\Charles Laurence\Documents\System_CI\my_apollo_ci\system\Database\MySQLi\Connection.php(327): mysqli->query()
#1 C:\Users\Charles Laurence\Documents\System_CI\my_apollo_ci\system\Database\BaseConnection.php(738): CodeIgniter\Database\MySQLi\Connection->execute()
#2 C:\Users\Charles Laurence\Documents\System_CI\my_apollo_ci\system\Database\BaseConnection.php(652): CodeIgniter\Database\BaseConnection->simpleQuery()
#3 C:\Users\Charles Laurence\Documents\System_CI\my_apollo_ci\system\Database\BaseBuilder.php(1733): CodeIgniter\Database\BaseConnection->query()
#4 C:\Users\Charles Laurence\Documents\System_CI\my_apollo_ci\app\Controllers\Admin.php(39): CodeIgniter\Database\BaseBuilder->countAllResults()
#5 C:\Users\Charles Laurence\Documents\System_CI\my_apollo_ci\system\CodeIgniter.php(933): App\Controllers\Admin->dashboard()
#6 C:\Users\Charles Laurence\Documents\System_CI\my_apollo_ci\system\CodeIgniter.php(507): CodeIgniter\CodeIgniter->runController()
#7 C:\Users\Charles Laurence\Documents\System_CI\my_apollo_ci\system\CodeIgniter.php(354): CodeIgniter\CodeIgniter->handleRequest()
#8 C:\Users\Charles Laurence\Documents\System_CI\my_apollo_ci\system\Boot.php(334): CodeIgniter\CodeIgniter->run()
#9 C:\Users\Charles Laurence\Documents\System_CI\my_apollo_ci\system\Boot.php(67): CodeIgniter\Boot::runCodeIgniter()
#10 C:\Users\Charles Laurence\Documents\System_CI\my_apollo_ci\public\index.php(59): CodeIgniter\Boot::bootWeb()
#11 C:\Users\Charles Laurence\Documents\System_CI\my_apollo_ci\system\rewrite.php(44): require_once('...')
#12 {main}
DEBUG - 2025-06-12 13:57:14 --> Session: Class initialized using 'CodeIgniter\Session\Handlers\FileHandler' driver.
DEBUG - 2025-06-12 13:57:16 --> Session: Class initialized using 'CodeIgniter\Session\Handlers\FileHandler' driver.
ERROR - 2025-06-12 13:57:20 --> Email: Unable to send email using SMTP. Your server might not be configured to send mail using this method.
ERROR - 2025-06-12 13:57:20 --> 220 smtp.gmail.com ESMTP d2e1a72fcca58-7488087a2cbsm1456657b3a.5 - gsmtp

hello: 250-smtp.gmail.com at your service, [222.127.74.188]
250-SIZE 35882577
250-8BITMIME
250-STARTTLS
250-ENHANCEDSTATUSCODES
250-PIPELINING
250-CHUNKING
250 SMTPUTF8

starttls: 220 2.0.0 Ready to start TLS

hello: 250-smtp.gmail.com at your service, [222.127.74.188]
250-SIZE 35882577
250-8BITMIME
250-AUTH LOGIN PLAIN XOAUTH2 PLAIN-CLIENTTOKEN OAUTHBEARER XOAUTH
250-ENHANCEDSTATUSCODES
250-PIPELINING
250-CHUNKING
250 SMTPUTF8

from: 530-5.7.0 Authentication Required. For more information, go to
530 5.7.0  https://support.google.com/accounts/troubleshooter/2402620. d2e1a72fcca58-7488087a2cbsm1456657b3a.5 - gsmtp

The following SMTP error was encountered: 530-5.7.0 Authentication Required. For more information, go to
530 5.7.0  https://support.google.com/accounts/troubleshooter/2402620. d2e1a72fcca58-7488087a2cbsm1456657b3a.5 - gsmtp

reset: 250 2.1.5 Flushed d2e1a72fcca58-7488087a2cbsm1456657b3a.5 - gsmtp

ERROR - 2025-06-12 13:57:20 --> Email failed to send: 220 smtp.gmail.com ESMTP d2e1a72fcca58-7488087a2cbsm1456657b3a.5 - gsmtp
<br><pre>hello: 250-smtp.gmail.com at your service, [222.127.74.188]
250-SIZE 35882577
250-8BITMIME
250-STARTTLS
250-ENHANCEDSTATUSCODES
250-PIPELINING
250-CHUNKING
250 SMTPUTF8
</pre><pre>starttls: 220 2.0.0 Ready to start TLS
</pre><pre>hello: 250-smtp.gmail.com at your service, [222.127.74.188]
250-SIZE 35882577
250-8BITMIME
250-AUTH LOGIN PLAIN XOAUTH2 PLAIN-CLIENTTOKEN OAUTHBEARER XOAUTH
250-ENHANCEDSTATUSCODES
250-PIPELINING
250-CHUNKING
250 SMTPUTF8
</pre><pre>from: 530-5.7.0 Authentication Required. For more information, go to
530 5.7.0  https://support.google.com/accounts/troubleshooter/2402620. d2e1a72fcca58-7488087a2cbsm1456657b3a.5 - gsmtp
</pre>The following SMTP error was encountered: 530-5.7.0 Authentication Required. For more information, go to
530 5.7.0  https://support.google.com/accounts/troubleshooter/2402620. d2e1a72fcca58-7488087a2cbsm1456657b3a.5 - gsmtp
<br><pre>reset: 250 2.1.5 Flushed d2e1a72fcca58-7488087a2cbsm1456657b3a.5 - gsmtp
</pre>Unable to send email using SMTP. Your server might not be configured to send mail using this method.<br><pre>Date: Thu, 12 Jun 2025 13:57:18 +0000
From: &quot;Apollo XIII&quot; &lt;sample@gmail.com&gt;
Return-Path: &lt;sample@gmail.com&gt;
To: lancegula05@gmail.com
Subject: =?UTF-8?Q?Order=20Confirmed?=
Reply-To: &lt;sample@gmail.com&gt;
User-Agent: CodeIgniter
X-Sender: sample@gmail.com
X-Mailer: CodeIgniter
X-Priority: 3 (Normal)
Message-ID: &lt;684adcbe874363.38906669@gmail.com&gt;
Mime-Version: 1.0


Content-Type: multipart/alternative; boundary=&quot;B_ALT_684adcbe874632.17709512&quot;

This is a multi-part message in MIME format.
Your email application may not support this format.

--B_ALT_684adcbe874632.17709512
Content-Type: text/plain; charset=UTF-8
Content-Transfer-Encoding: 8bit

Dear Eliezer,Your order #8 has been confirmed.


--B_ALT_684adcbe874632.17709512
Content-Type: text/html; charset=UTF-8
Content-Transfer-Encoding: quoted-printable

Dear Eliezer,&lt;br&gt;Your order #8 has been &lt;b&gt;confirmed&lt;/b&gt;.

--B_ALT_684adcbe874632.17709512--</pre>
DEBUG - 2025-06-12 13:57:20 --> Session: Class initialized using 'CodeIgniter\Session\Handlers\FileHandler' driver.
DEBUG - 2025-06-12 13:57:21 --> Session: Class initialized using 'CodeIgniter\Session\Handlers\FileHandler' driver.
DEBUG - 2025-06-12 14:00:16 --> Session: Class initialized using 'CodeIgniter\Session\Handlers\FileHandler' driver.
DEBUG - 2025-06-12 14:01:56 --> Session: Class initialized using 'CodeIgniter\Session\Handlers\FileHandler' driver.
DEBUG - 2025-06-12 14:02:02 --> Session: Class initialized using 'CodeIgniter\Session\Handlers\FileHandler' driver.
DEBUG - 2025-06-12 14:02:02 --> Session: Class initialized using 'CodeIgniter\Session\Handlers\FileHandler' driver.
DEBUG - 2025-06-12 14:02:24 --> Session: Class initialized using 'CodeIgniter\Session\Handlers\FileHandler' driver.
DEBUG - 2025-06-12 14:02:29 --> Session: Class initialized using 'CodeIgniter\Session\Handlers\FileHandler' driver.
DEBUG - 2025-06-12 14:13:37 --> Session: Class initialized using 'CodeIgniter\Session\Handlers\FileHandler' driver.
DEBUG - 2025-06-12 14:13:46 --> Session: Class initialized using 'CodeIgniter\Session\Handlers\FileHandler' driver.
DEBUG - 2025-06-12 14:16:00 --> Session: Class initialized using 'CodeIgniter\Session\Handlers\FileHandler' driver.
DEBUG - 2025-06-12 14:18:02 --> Session: Class initialized using 'CodeIgniter\Session\Handlers\FileHandler' driver.
DEBUG - 2025-06-12 14:18:13 --> Session: Class initialized using 'CodeIgniter\Session\Handlers\FileHandler' driver.
DEBUG - 2025-06-12 14:18:19 --> Session: Class initialized using 'CodeIgniter\Session\Handlers\FileHandler' driver.
DEBUG - 2025-06-12 14:18:58 --> Session: Class initialized using 'CodeIgniter\Session\Handlers\FileHandler' driver.
DEBUG - 2025-06-12 14:19:02 --> Session: Class initialized using 'CodeIgniter\Session\Handlers\FileHandler' driver.
DEBUG - 2025-06-12 14:19:18 --> Session: Class initialized using 'CodeIgniter\Session\Handlers\FileHandler' driver.
DEBUG - 2025-06-12 14:23:22 --> Session: Class initialized using 'CodeIgniter\Session\Handlers\FileHandler' driver.
DEBUG - 2025-06-12 14:23:24 --> Session: Class initialized using 'CodeIgniter\Session\Handlers\FileHandler' driver.
DEBUG - 2025-06-12 14:23:42 --> Session: Class initialized using 'CodeIgniter\Session\Handlers\FileHandler' driver.
DEBUG - 2025-06-12 14:23:44 --> Session: Class initialized using 'CodeIgniter\Session\Handlers\FileHandler' driver.
DEBUG - 2025-06-12 14:24:19 --> Session: Class initialized using 'CodeIgniter\Session\Handlers\FileHandler' driver.
DEBUG - 2025-06-12 14:46:42 --> Session: Class initialized using 'CodeIgniter\Session\Handlers\FileHandler' driver.
DEBUG - 2025-06-12 14:51:17 --> Session: Class initialized using 'CodeIgniter\Session\Handlers\FileHandler' driver.
DEBUG - 2025-06-12 14:51:19 --> Session: Class initialized using 'CodeIgniter\Session\Handlers\FileHandler' driver.
DEBUG - 2025-06-12 14:51:20 --> Session: Class initialized using 'CodeIgniter\Session\Handlers\FileHandler' driver.
DEBUG - 2025-06-12 15:58:20 --> Session: Class initialized using 'CodeIgniter\Session\Handlers\FileHandler' driver.
DEBUG - 2025-06-12 15:58:26 --> Session: Class initialized using 'CodeIgniter\Session\Handlers\FileHandler' driver.
DEBUG - 2025-06-12 15:59:01 --> Session: Class initialized using 'CodeIgniter\Session\Handlers\FileHandler' driver.
DEBUG - 2025-06-12 15:59:08 --> Session: Class initialized using 'CodeIgniter\Session\Handlers\FileHandler' driver.
DEBUG - 2025-06-12 15:59:53 --> Session: Class initialized using 'CodeIgniter\Session\Handlers\FileHandler' driver.
DEBUG - 2025-06-12 15:59:56 --> Session: Class initialized using 'CodeIgniter\Session\Handlers\FileHandler' driver.
DEBUG - 2025-06-12 16:00:04 --> Session: Class initialized using 'CodeIgniter\Session\Handlers\FileHandler' driver.
DEBUG - 2025-06-12 16:00:05 --> Session: Class initialized using 'CodeIgniter\Session\Handlers\FileHandler' driver.
DEBUG - 2025-06-12 16:00:31 --> Session: Class initialized using 'CodeIgniter\Session\Handlers\FileHandler' driver.
DEBUG - 2025-06-12 16:00:47 --> Session: Class initialized using 'CodeIgniter\Session\Handlers\FileHandler' driver.
DEBUG - 2025-06-12 16:00:49 --> Session: Class initialized using 'CodeIgniter\Session\Handlers\FileHandler' driver.
DEBUG - 2025-06-12 16:00:58 --> Session: Class initialized using 'CodeIgniter\Session\Handlers\FileHandler' driver.
DEBUG - 2025-06-12 16:01:05 --> Session: Class initialized using 'CodeIgniter\Session\Handlers\FileHandler' driver.
DEBUG - 2025-06-12 16:01:17 --> Session: Class initialized using 'CodeIgniter\Session\Handlers\FileHandler' driver.
DEBUG - 2025-06-12 16:03:39 --> Session: Class initialized using 'CodeIgniter\Session\Handlers\FileHandler' driver.
DEBUG - 2025-06-12 16:18:13 --> Session: Class initialized using 'CodeIgniter\Session\Handlers\FileHandler' driver.
DEBUG - 2025-06-12 16:18:14 --> Session: Class initialized using 'CodeIgniter\Session\Handlers\FileHandler' driver.
DEBUG - 2025-06-12 16:18:14 --> Session: Class initialized using 'CodeIgniter\Session\Handlers\FileHandler' driver.
DEBUG - 2025-06-12 16:18:31 --> Session: Class initialized using 'CodeIgniter\Session\Handlers\FileHandler' driver.
DEBUG - 2025-06-12 16:18:34 --> Session: Class initialized using 'CodeIgniter\Session\Handlers\FileHandler' driver.
DEBUG - 2025-06-12 16:21:03 --> Session: Class initialized using 'CodeIgniter\Session\Handlers\FileHandler' driver.
DEBUG - 2025-06-12 16:21:03 --> Session: Class initialized using 'CodeIgniter\Session\Handlers\FileHandler' driver.
DEBUG - 2025-06-12 16:21:20 --> Session: Class initialized using 'CodeIgniter\Session\Handlers\FileHandler' driver.
DEBUG - 2025-06-12 16:21:21 --> Session: Class initialized using 'CodeIgniter\Session\Handlers\FileHandler' driver.
DEBUG - 2025-06-12 16:22:01 --> Session: Class initialized using 'CodeIgniter\Session\Handlers\FileHandler' driver.
DEBUG - 2025-06-12 16:22:02 --> Session: Class initialized using 'CodeIgniter\Session\Handlers\FileHandler' driver.
ERROR - 2025-06-12 16:22:02 --> mysqli_sql_exception: Table 'simpleordersystem.feedback' doesn't exist in C:\Users\Charles Laurence\Documents\System_CI\my_apollo_ci\system\Database\MySQLi\Connection.php:327
Stack trace:
#0 C:\Users\Charles Laurence\Documents\System_CI\my_apollo_ci\system\Database\MySQLi\Connection.php(327): mysqli->query()
#1 C:\Users\Charles Laurence\Documents\System_CI\my_apollo_ci\system\Database\BaseConnection.php(738): CodeIgniter\Database\MySQLi\Connection->execute()
#2 C:\Users\Charles Laurence\Documents\System_CI\my_apollo_ci\system\Database\BaseConnection.php(652): CodeIgniter\Database\BaseConnection->simpleQuery()
#3 C:\Users\Charles Laurence\Documents\System_CI\my_apollo_ci\system\Database\BaseBuilder.php(1733): CodeIgniter\Database\BaseConnection->query()
#4 C:\Users\Charles Laurence\Documents\System_CI\my_apollo_ci\app\Controllers\Admin.php(39): CodeIgniter\Database\BaseBuilder->countAllResults()
#5 C:\Users\Charles Laurence\Documents\System_CI\my_apollo_ci\system\CodeIgniter.php(933): App\Controllers\Admin->dashboard()
#6 C:\Users\Charles Laurence\Documents\System_CI\my_apollo_ci\system\CodeIgniter.php(507): CodeIgniter\CodeIgniter->runController()
#7 C:\Users\Charles Laurence\Documents\System_CI\my_apollo_ci\system\CodeIgniter.php(354): CodeIgniter\CodeIgniter->handleRequest()
#8 C:\Users\Charles Laurence\Documents\System_CI\my_apollo_ci\system\Boot.php(334): CodeIgniter\CodeIgniter->run()
#9 C:\Users\Charles Laurence\Documents\System_CI\my_apollo_ci\system\Boot.php(67): CodeIgniter\Boot::runCodeIgniter()
#10 C:\Users\Charles Laurence\Documents\System_CI\my_apollo_ci\public\index.php(59): CodeIgniter\Boot::bootWeb()
#11 C:\Users\Charles Laurence\Documents\System_CI\my_apollo_ci\system\rewrite.php(44): require_once('...')
#12 {main}
DEBUG - 2025-06-12 16:22:04 --> Session: Class initialized using 'CodeIgniter\Session\Handlers\FileHandler' driver.
DEBUG - 2025-06-12 16:22:07 --> Session: Class initialized using 'CodeIgniter\Session\Handlers\FileHandler' driver.
DEBUG - 2025-06-12 16:22:08 --> Session: Class initialized using 'CodeIgniter\Session\Handlers\FileHandler' driver.
DEBUG - 2025-06-12 16:22:10 --> Session: Class initialized using 'CodeIgniter\Session\Handlers\FileHandler' driver.
DEBUG - 2025-06-12 16:23:11 --> Session: Class initialized using 'CodeIgniter\Session\Handlers\FileHandler' driver.
DEBUG - 2025-06-12 16:23:13 --> Session: Class initialized using 'CodeIgniter\Session\Handlers\FileHandler' driver.
DEBUG - 2025-06-12 16:23:16 --> Session: Class initialized using 'CodeIgniter\Session\Handlers\FileHandler' driver.
DEBUG - 2025-06-12 16:26:30 --> Session: Class initialized using 'CodeIgniter\Session\Handlers\FileHandler' driver.
DEBUG - 2025-06-12 16:30:04 --> Session: Class initialized using 'CodeIgniter\Session\Handlers\FileHandler' driver.
DEBUG - 2025-06-12 16:30:07 --> Session: Class initialized using 'CodeIgniter\Session\Handlers\FileHandler' driver.
DEBUG - 2025-06-12 16:30:10 --> Session: Class initialized using 'CodeIgniter\Session\Handlers\FileHandler' driver.
DEBUG - 2025-06-12 16:30:11 --> Session: Class initialized using 'CodeIgniter\Session\Handlers\FileHandler' driver.
DEBUG - 2025-06-12 16:34:26 --> Session: Class initialized using 'CodeIgniter\Session\Handlers\FileHandler' driver.
CRITICAL - 2025-06-12 16:34:26 --> ErrorException: Undefined variable $status
[Method: GET, Route: admin/customers]
in APPPATH\Views\admin\customers.php on line 9.
 1 APPPATH\Views\admin\customers.php(9): CodeIgniter\Debug\Exceptions->errorHandler()
 2 SYSTEMPATH\View\View.php(224): include('C:\\Users\\Charles Laurence\\Documents\\System_CI\\my_apollo_ci\\app\\Views\\admin\\customers.php')
 3 SYSTEMPATH\View\View.php(227): CodeIgniter\View\View->{closure:CodeIgniter\View\View::render():221}()
 4 SYSTEMPATH\Common.php(1173): CodeIgniter\View\View->render()
 5 APPPATH\Controllers\Admin.php(400): view()
 6 SYSTEMPATH\CodeIgniter.php(933): App\Controllers\Admin->customers()
 7 SYSTEMPATH\CodeIgniter.php(507): CodeIgniter\CodeIgniter->runController()
 8 SYSTEMPATH\CodeIgniter.php(354): CodeIgniter\CodeIgniter->handleRequest()
 9 SYSTEMPATH\Boot.php(334): CodeIgniter\CodeIgniter->run()
10 SYSTEMPATH\Boot.php(67): CodeIgniter\Boot::runCodeIgniter()
11 FCPATH\index.php(59): CodeIgniter\Boot::bootWeb()
12 SYSTEMPATH\rewrite.php(44): require_once('C:\\Users\\Charles Laurence\\Documents\\System_CI\\my_apollo_ci\\public\\index.php')
DEBUG - 2025-06-12 16:34:40 --> Session: Class initialized using 'CodeIgniter\Session\Handlers\FileHandler' driver.
DEBUG - 2025-06-12 16:35:04 --> Session: Class initialized using 'CodeIgniter\Session\Handlers\FileHandler' driver.
DEBUG - 2025-06-12 16:35:41 --> Session: Class initialized using 'CodeIgniter\Session\Handlers\FileHandler' driver.
DEBUG - 2025-06-12 16:35:48 --> Session: Class initialized using 'CodeIgniter\Session\Handlers\FileHandler' driver.
DEBUG - 2025-06-12 16:35:55 --> Session: Class initialized using 'CodeIgniter\Session\Handlers\FileHandler' driver.
DEBUG - 2025-06-12 16:36:56 --> Session: Class initialized using 'CodeIgniter\Session\Handlers\FileHandler' driver.
CRITICAL - 2025-06-12 16:36:56 --> ErrorException: Undefined array key "contact_number"
[Method: GET, Route: admin/orders/Confirmed]
in APPPATH\Views\admin\orders.php on line 107.
 1 APPPATH\Views\admin\orders.php(107): CodeIgniter\Debug\Exceptions->errorHandler()
 2 SYSTEMPATH\View\View.php(224): include('C:\\Users\\Charles Laurence\\Documents\\System_CI\\my_apollo_ci\\app\\Views\\admin\\orders.php')
 3 SYSTEMPATH\View\View.php(227): CodeIgniter\View\View->{closure:CodeIgniter\View\View::render():221}()
 4 SYSTEMPATH\Common.php(1173): CodeIgniter\View\View->render()
 5 APPPATH\Controllers\Admin.php(259): view()
 6 SYSTEMPATH\CodeIgniter.php(933): App\Controllers\Admin->orders()
 7 SYSTEMPATH\CodeIgniter.php(507): CodeIgniter\CodeIgniter->runController()
 8 SYSTEMPATH\CodeIgniter.php(354): CodeIgniter\CodeIgniter->handleRequest()
 9 SYSTEMPATH\Boot.php(334): CodeIgniter\CodeIgniter->run()
10 SYSTEMPATH\Boot.php(67): CodeIgniter\Boot::runCodeIgniter()
11 FCPATH\index.php(59): CodeIgniter\Boot::bootWeb()
12 SYSTEMPATH\rewrite.php(44): require_once('C:\\Users\\Charles Laurence\\Documents\\System_CI\\my_apollo_ci\\public\\index.php')
DEBUG - 2025-06-12 16:37:43 --> Session: Class initialized using 'CodeIgniter\Session\Handlers\FileHandler' driver.
CRITICAL - 2025-06-12 16:37:44 --> ErrorException: Undefined array key "contact_number"
[Method: GET, Route: admin/orders/Confirmed]
in APPPATH\Views\admin\orders.php on line 107.
 1 APPPATH\Views\admin\orders.php(107): CodeIgniter\Debug\Exceptions->errorHandler()
 2 SYSTEMPATH\View\View.php(224): include('C:\\Users\\Charles Laurence\\Documents\\System_CI\\my_apollo_ci\\app\\Views\\admin\\orders.php')
 3 SYSTEMPATH\View\View.php(227): CodeIgniter\View\View->{closure:CodeIgniter\View\View::render():221}()
 4 SYSTEMPATH\Common.php(1173): CodeIgniter\View\View->render()
 5 APPPATH\Controllers\Admin.php(259): view()
 6 SYSTEMPATH\CodeIgniter.php(933): App\Controllers\Admin->orders()
 7 SYSTEMPATH\CodeIgniter.php(507): CodeIgniter\CodeIgniter->runController()
 8 SYSTEMPATH\CodeIgniter.php(354): CodeIgniter\CodeIgniter->handleRequest()
 9 SYSTEMPATH\Boot.php(334): CodeIgniter\CodeIgniter->run()
10 SYSTEMPATH\Boot.php(67): CodeIgniter\Boot::runCodeIgniter()
11 FCPATH\index.php(59): CodeIgniter\Boot::bootWeb()
12 SYSTEMPATH\rewrite.php(44): require_once('C:\\Users\\Charles Laurence\\Documents\\System_CI\\my_apollo_ci\\public\\index.php')
DEBUG - 2025-06-12 16:37:44 --> Session: Class initialized using 'CodeIgniter\Session\Handlers\FileHandler' driver.
CRITICAL - 2025-06-12 16:37:44 --> ErrorException: Undefined array key "contact_number"
[Method: GET, Route: admin/orders/Confirmed]
in APPPATH\Views\admin\orders.php on line 107.
 1 APPPATH\Views\admin\orders.php(107): CodeIgniter\Debug\Exceptions->errorHandler()
 2 SYSTEMPATH\View\View.php(224): include('C:\\Users\\Charles Laurence\\Documents\\System_CI\\my_apollo_ci\\app\\Views\\admin\\orders.php')
 3 SYSTEMPATH\View\View.php(227): CodeIgniter\View\View->{closure:CodeIgniter\View\View::render():221}()
 4 SYSTEMPATH\Common.php(1173): CodeIgniter\View\View->render()
 5 APPPATH\Controllers\Admin.php(259): view()
 6 SYSTEMPATH\CodeIgniter.php(933): App\Controllers\Admin->orders()
 7 SYSTEMPATH\CodeIgniter.php(507): CodeIgniter\CodeIgniter->runController()
 8 SYSTEMPATH\CodeIgniter.php(354): CodeIgniter\CodeIgniter->handleRequest()
 9 SYSTEMPATH\Boot.php(334): CodeIgniter\CodeIgniter->run()
10 SYSTEMPATH\Boot.php(67): CodeIgniter\Boot::runCodeIgniter()
11 FCPATH\index.php(59): CodeIgniter\Boot::bootWeb()
12 SYSTEMPATH\rewrite.php(44): require_once('C:\\Users\\Charles Laurence\\Documents\\System_CI\\my_apollo_ci\\public\\index.php')
DEBUG - 2025-06-12 16:37:49 --> Session: Class initialized using 'CodeIgniter\Session\Handlers\FileHandler' driver.
CRITICAL - 2025-06-12 16:37:49 --> ErrorException: Undefined array key "contact_number"
[Method: GET, Route: admin/orders/Confirmed]
in APPPATH\Views\admin\orders.php on line 107.
 1 APPPATH\Views\admin\orders.php(107): CodeIgniter\Debug\Exceptions->errorHandler()
 2 SYSTEMPATH\View\View.php(224): include('C:\\Users\\Charles Laurence\\Documents\\System_CI\\my_apollo_ci\\app\\Views\\admin\\orders.php')
 3 SYSTEMPATH\View\View.php(227): CodeIgniter\View\View->{closure:CodeIgniter\View\View::render():221}()
 4 SYSTEMPATH\Common.php(1173): CodeIgniter\View\View->render()
 5 APPPATH\Controllers\Admin.php(259): view()
 6 SYSTEMPATH\CodeIgniter.php(933): App\Controllers\Admin->orders()
 7 SYSTEMPATH\CodeIgniter.php(507): CodeIgniter\CodeIgniter->runController()
 8 SYSTEMPATH\CodeIgniter.php(354): CodeIgniter\CodeIgniter->handleRequest()
 9 SYSTEMPATH\Boot.php(334): CodeIgniter\CodeIgniter->run()
10 SYSTEMPATH\Boot.php(67): CodeIgniter\Boot::runCodeIgniter()
11 FCPATH\index.php(59): CodeIgniter\Boot::bootWeb()
12 SYSTEMPATH\rewrite.php(44): require_once('C:\\Users\\Charles Laurence\\Documents\\System_CI\\my_apollo_ci\\public\\index.php')
DEBUG - 2025-06-12 16:37:51 --> Session: Class initialized using 'CodeIgniter\Session\Handlers\FileHandler' driver.
CRITICAL - 2025-06-12 16:37:51 --> ErrorException: Undefined array key "contact_number"
[Method: GET, Route: admin/orders/Confirmed]
in APPPATH\Views\admin\orders.php on line 107.
 1 APPPATH\Views\admin\orders.php(107): CodeIgniter\Debug\Exceptions->errorHandler()
 2 SYSTEMPATH\View\View.php(224): include('C:\\Users\\Charles Laurence\\Documents\\System_CI\\my_apollo_ci\\app\\Views\\admin\\orders.php')
 3 SYSTEMPATH\View\View.php(227): CodeIgniter\View\View->{closure:CodeIgniter\View\View::render():221}()
 4 SYSTEMPATH\Common.php(1173): CodeIgniter\View\View->render()
 5 APPPATH\Controllers\Admin.php(259): view()
 6 SYSTEMPATH\CodeIgniter.php(933): App\Controllers\Admin->orders()
 7 SYSTEMPATH\CodeIgniter.php(507): CodeIgniter\CodeIgniter->runController()
 8 SYSTEMPATH\CodeIgniter.php(354): CodeIgniter\CodeIgniter->handleRequest()
 9 SYSTEMPATH\Boot.php(334): CodeIgniter\CodeIgniter->run()
10 SYSTEMPATH\Boot.php(67): CodeIgniter\Boot::runCodeIgniter()
11 FCPATH\index.php(59): CodeIgniter\Boot::bootWeb()
12 SYSTEMPATH\rewrite.php(44): require_once('C:\\Users\\Charles Laurence\\Documents\\System_CI\\my_apollo_ci\\public\\index.php')
DEBUG - 2025-06-12 16:37:57 --> Session: Class initialized using 'CodeIgniter\Session\Handlers\FileHandler' driver.
CRITICAL - 2025-06-12 16:37:57 --> ErrorException: Undefined array key "contact_number"
[Method: GET, Route: admin/orders/Confirmed]
in APPPATH\Views\admin\orders.php on line 107.
 1 APPPATH\Views\admin\orders.php(107): CodeIgniter\Debug\Exceptions->errorHandler()
 2 SYSTEMPATH\View\View.php(224): include('C:\\Users\\Charles Laurence\\Documents\\System_CI\\my_apollo_ci\\app\\Views\\admin\\orders.php')
 3 SYSTEMPATH\View\View.php(227): CodeIgniter\View\View->{closure:CodeIgniter\View\View::render():221}()
 4 SYSTEMPATH\Common.php(1173): CodeIgniter\View\View->render()
 5 APPPATH\Controllers\Admin.php(259): view()
 6 SYSTEMPATH\CodeIgniter.php(933): App\Controllers\Admin->orders()
 7 SYSTEMPATH\CodeIgniter.php(507): CodeIgniter\CodeIgniter->runController()
 8 SYSTEMPATH\CodeIgniter.php(354): CodeIgniter\CodeIgniter->handleRequest()
 9 SYSTEMPATH\Boot.php(334): CodeIgniter\CodeIgniter->run()
10 SYSTEMPATH\Boot.php(67): CodeIgniter\Boot::runCodeIgniter()
11 FCPATH\index.php(59): CodeIgniter\Boot::bootWeb()
12 SYSTEMPATH\rewrite.php(44): require_once('C:\\Users\\Charles Laurence\\Documents\\System_CI\\my_apollo_ci\\public\\index.php')
DEBUG - 2025-06-12 16:38:09 --> Session: Class initialized using 'CodeIgniter\Session\Handlers\FileHandler' driver.
DEBUG - 2025-06-12 16:38:55 --> Session: Class initialized using 'CodeIgniter\Session\Handlers\FileHandler' driver.
DEBUG - 2025-06-12 16:38:56 --> Session: Class initialized using 'CodeIgniter\Session\Handlers\FileHandler' driver.
DEBUG - 2025-06-12 16:38:57 --> Session: Class initialized using 'CodeIgniter\Session\Handlers\FileHandler' driver.
DEBUG - 2025-06-12 16:40:25 --> Session: Class initialized using 'CodeIgniter\Session\Handlers\FileHandler' driver.
DEBUG - 2025-06-12 16:40:26 --> Session: Class initialized using 'CodeIgniter\Session\Handlers\FileHandler' driver.
DEBUG - 2025-06-12 16:40:35 --> Session: Class initialized using 'CodeIgniter\Session\Handlers\FileHandler' driver.
DEBUG - 2025-06-12 16:40:35 --> Session: Class initialized using 'CodeIgniter\Session\Handlers\FileHandler' driver.
DEBUG - 2025-06-12 16:41:49 --> Session: Class initialized using 'CodeIgniter\Session\Handlers\FileHandler' driver.
DEBUG - 2025-06-12 16:41:57 --> Session: Class initialized using 'CodeIgniter\Session\Handlers\FileHandler' driver.
DEBUG - 2025-06-12 16:41:59 --> Session: Class initialized using 'CodeIgniter\Session\Handlers\FileHandler' driver.
DEBUG - 2025-06-12 16:42:00 --> Session: Class initialized using 'CodeIgniter\Session\Handlers\FileHandler' driver.
DEBUG - 2025-06-12 16:42:01 --> Session: Class initialized using 'CodeIgniter\Session\Handlers\FileHandler' driver.
DEBUG - 2025-06-12 16:42:02 --> Session: Class initialized using 'CodeIgniter\Session\Handlers\FileHandler' driver.
DEBUG - 2025-06-12 16:42:03 --> Session: Class initialized using 'CodeIgniter\Session\Handlers\FileHandler' driver.
DEBUG - 2025-06-12 16:42:05 --> Session: Class initialized using 'CodeIgniter\Session\Handlers\FileHandler' driver.
DEBUG - 2025-06-12 16:42:07 --> Session: Class initialized using 'CodeIgniter\Session\Handlers\FileHandler' driver.
DEBUG - 2025-06-12 16:42:09 --> Session: Class initialized using 'CodeIgniter\Session\Handlers\FileHandler' driver.
DEBUG - 2025-06-12 16:42:55 --> Session: Class initialized using 'CodeIgniter\Session\Handlers\FileHandler' driver.
DEBUG - 2025-06-12 16:44:27 --> Session: Class initialized using 'CodeIgniter\Session\Handlers\FileHandler' driver.
DEBUG - 2025-06-12 16:44:35 --> Session: Class initialized using 'CodeIgniter\Session\Handlers\FileHandler' driver.
DEBUG - 2025-06-12 16:45:38 --> Session: Class initialized using 'CodeIgniter\Session\Handlers\FileHandler' driver.
DEBUG - 2025-06-12 16:45:42 --> Session: Class initialized using 'CodeIgniter\Session\Handlers\FileHandler' driver.
DEBUG - 2025-06-12 16:45:44 --> Session: Class initialized using 'CodeIgniter\Session\Handlers\FileHandler' driver.
DEBUG - 2025-06-12 16:45:46 --> Session: Class initialized using 'CodeIgniter\Session\Handlers\FileHandler' driver.
DEBUG - 2025-06-12 16:45:48 --> Session: Class initialized using 'CodeIgniter\Session\Handlers\FileHandler' driver.
DEBUG - 2025-06-12 16:45:51 --> Session: Class initialized using 'CodeIgniter\Session\Handlers\FileHandler' driver.
DEBUG - 2025-06-12 16:45:54 --> Session: Class initialized using 'CodeIgniter\Session\Handlers\FileHandler' driver.
DEBUG - 2025-06-12 16:46:28 --> Session: Class initialized using 'CodeIgniter\Session\Handlers\FileHandler' driver.
DEBUG - 2025-06-12 16:46:29 --> Session: Class initialized using 'CodeIgniter\Session\Handlers\FileHandler' driver.
DEBUG - 2025-06-12 16:46:29 --> Session: Class initialized using 'CodeIgniter\Session\Handlers\FileHandler' driver.
DEBUG - 2025-06-12 16:46:32 --> Session: Class initialized using 'CodeIgniter\Session\Handlers\FileHandler' driver.
DEBUG - 2025-06-12 16:46:33 --> Session: Class initialized using 'CodeIgniter\Session\Handlers\FileHandler' driver.
DEBUG - 2025-06-12 16:46:42 --> Session: Class initialized using 'CodeIgniter\Session\Handlers\FileHandler' driver.
DEBUG - 2025-06-12 16:46:42 --> Session: Class initialized using 'CodeIgniter\Session\Handlers\FileHandler' driver.
DEBUG - 2025-06-12 16:46:45 --> Session: Class initialized using 'CodeIgniter\Session\Handlers\FileHandler' driver.
DEBUG - 2025-06-12 16:46:47 --> Session: Class initialized using 'CodeIgniter\Session\Handlers\FileHandler' driver.
DEBUG - 2025-06-12 16:46:47 --> Session: Class initialized using 'CodeIgniter\Session\Handlers\FileHandler' driver.
DEBUG - 2025-06-12 16:46:51 --> Session: Class initialized using 'CodeIgniter\Session\Handlers\FileHandler' driver.
DEBUG - 2025-06-12 16:46:53 --> Session: Class initialized using 'CodeIgniter\Session\Handlers\FileHandler' driver.
DEBUG - 2025-06-12 16:46:53 --> Session: Class initialized using 'CodeIgniter\Session\Handlers\FileHandler' driver.
DEBUG - 2025-06-12 23:10:24 --> Session: Class initialized using 'CodeIgniter\Session\Handlers\FileHandler' driver.
DEBUG - 2025-06-12 23:10:38 --> Session: Class initialized using 'CodeIgniter\Session\Handlers\FileHandler' driver.
DEBUG - 2025-06-12 23:10:39 --> Session: Class initialized using 'CodeIgniter\Session\Handlers\FileHandler' driver.
DEBUG - 2025-06-12 23:10:46 --> Session: Class initialized using 'CodeIgniter\Session\Handlers\FileHandler' driver.
DEBUG - 2025-06-12 23:10:47 --> Session: Class initialized using 'CodeIgniter\Session\Handlers\FileHandler' driver.
ERROR - 2025-06-12 23:10:47 --> mysqli_sql_exception: Table 'simpleordersystem.feedback' doesn't exist in C:\xampp\htdocs\Order-Sys-CI4-main\system\Database\MySQLi\Connection.php:327
Stack trace:
#0 C:\xampp\htdocs\Order-Sys-CI4-main\system\Database\MySQLi\Connection.php(327): mysqli->query('SELECT COUNT(*)...', 0)
#1 C:\xampp\htdocs\Order-Sys-CI4-main\system\Database\BaseConnection.php(738): CodeIgniter\Database\MySQLi\Connection->execute('SELECT COUNT(*)...')
#2 C:\xampp\htdocs\Order-Sys-CI4-main\system\Database\BaseConnection.php(652): CodeIgniter\Database\BaseConnection->simpleQuery('SELECT COUNT(*)...')
#3 C:\xampp\htdocs\Order-Sys-CI4-main\system\Database\BaseBuilder.php(1733): CodeIgniter\Database\BaseConnection->query('SELECT COUNT(*)...', Array, false)
#4 C:\xampp\htdocs\Order-Sys-CI4-main\app\Controllers\Admin.php(39): CodeIgniter\Database\BaseBuilder->countAllResults()
#5 C:\xampp\htdocs\Order-Sys-CI4-main\system\CodeIgniter.php(933): App\Controllers\Admin->dashboard()
#6 C:\xampp\htdocs\Order-Sys-CI4-main\system\CodeIgniter.php(507): CodeIgniter\CodeIgniter->runController(Object(App\Controllers\Admin))
#7 C:\xampp\htdocs\Order-Sys-CI4-main\system\CodeIgniter.php(354): CodeIgniter\CodeIgniter->handleRequest(NULL, Object(Config\Cache), false)
#8 C:\xampp\htdocs\Order-Sys-CI4-main\system\Boot.php(334): CodeIgniter\CodeIgniter->run()
#9 C:\xampp\htdocs\Order-Sys-CI4-main\system\Boot.php(67): CodeIgniter\Boot::runCodeIgniter(Object(CodeIgniter\CodeIgniter))
#10 C:\xampp\htdocs\Order-Sys-CI4-main\public\index.php(59): CodeIgniter\Boot::bootWeb(Object(Config\Paths))
#11 C:\xampp\htdocs\Order-Sys-CI4-main\system\rewrite.php(44): require_once('C:\\xampp\\htdocs...')
#12 {main}
ERROR - 2025-06-12 23:10:47 --> mysqli_sql_exception: Unknown column 'payment_status' in 'where clause' in C:\xampp\htdocs\Order-Sys-CI4-main\system\Database\MySQLi\Connection.php:327
Stack trace:
#0 C:\xampp\htdocs\Order-Sys-CI4-main\system\Database\MySQLi\Connection.php(327): mysqli->query('SELECT SUM(`tot...', 0)
#1 C:\xampp\htdocs\Order-Sys-CI4-main\system\Database\BaseConnection.php(738): CodeIgniter\Database\MySQLi\Connection->execute('SELECT SUM(`tot...')
#2 C:\xampp\htdocs\Order-Sys-CI4-main\system\Database\BaseConnection.php(652): CodeIgniter\Database\BaseConnection->simpleQuery('SELECT SUM(`tot...')
#3 C:\xampp\htdocs\Order-Sys-CI4-main\system\Database\BaseBuilder.php(1649): CodeIgniter\Database\BaseConnection->query('SELECT SUM(`tot...', Array, false)
#4 C:\xampp\htdocs\Order-Sys-CI4-main\system\Model.php(928): CodeIgniter\Database\BaseBuilder->get()
#5 C:\xampp\htdocs\Order-Sys-CI4-main\app\Models\OrderModel.php(23): CodeIgniter\Model->__call('get', Array)
#6 C:\xampp\htdocs\Order-Sys-CI4-main\app\Controllers\Admin.php(47): App\Models\OrderModel->getTotalSales()
#7 C:\xampp\htdocs\Order-Sys-CI4-main\system\CodeIgniter.php(933): App\Controllers\Admin->dashboard()
#8 C:\xampp\htdocs\Order-Sys-CI4-main\system\CodeIgniter.php(507): CodeIgniter\CodeIgniter->runController(Object(App\Controllers\Admin))
#9 C:\xampp\htdocs\Order-Sys-CI4-main\system\CodeIgniter.php(354): CodeIgniter\CodeIgniter->handleRequest(NULL, Object(Config\Cache), false)
#10 C:\xampp\htdocs\Order-Sys-CI4-main\system\Boot.php(334): CodeIgniter\CodeIgniter->run()
#11 C:\xampp\htdocs\Order-Sys-CI4-main\system\Boot.php(67): CodeIgniter\Boot::runCodeIgniter(Object(CodeIgniter\CodeIgniter))
#12 C:\xampp\htdocs\Order-Sys-CI4-main\public\index.php(59): CodeIgniter\Boot::bootWeb(Object(Config\Paths))
#13 C:\xampp\htdocs\Order-Sys-CI4-main\system\rewrite.php(44): require_once('C:\\xampp\\htdocs...')
#14 {main}
CRITICAL - 2025-06-12 23:10:47 --> CodeIgniter\Database\Exceptions\DatabaseException: Unknown column 'payment_status' in 'where clause'
[Method: GET, Route: admin/dashboard]
in SYSTEMPATH\Database\BaseConnection.php on line 692.
 1 SYSTEMPATH\Database\BaseBuilder.php(1649): CodeIgniter\Database\BaseConnection->query('SELECT SUM(`total`) AS `total`
FROM `orders`
WHERE `payment_status` = :payment_status:', [...], false)
 2 SYSTEMPATH\Model.php(928): CodeIgniter\Database\BaseBuilder->get()
 3 APPPATH\Models\OrderModel.php(23): CodeIgniter\Model->__call('get', [])
 4 APPPATH\Controllers\Admin.php(47): App\Models\OrderModel->getTotalSales()
 5 SYSTEMPATH\CodeIgniter.php(933): App\Controllers\Admin->dashboard()
 6 SYSTEMPATH\CodeIgniter.php(507): CodeIgniter\CodeIgniter->runController(Object(App\Controllers\Admin))
 7 SYSTEMPATH\CodeIgniter.php(354): CodeIgniter\CodeIgniter->handleRequest(null, Object(Config\Cache), false)
 8 SYSTEMPATH\Boot.php(334): CodeIgniter\CodeIgniter->run()
 9 SYSTEMPATH\Boot.php(67): CodeIgniter\Boot::runCodeIgniter(Object(CodeIgniter\CodeIgniter))
10 FCPATH\index.php(59): CodeIgniter\Boot::bootWeb(Object(Config\Paths))
11 SYSTEMPATH\rewrite.php(44): require_once('C:\\xampp\\htdocs\\Order-Sys-CI4-main\\public\\index.php')
CRITICAL - 2025-06-12 23:10:47 --> [Caused by] CodeIgniter\Database\Exceptions\DatabaseException: Unknown column 'payment_status' in 'where clause'
in SYSTEMPATH\Database\MySQLi\Connection.php on line 332.
 1 SYSTEMPATH\Database\BaseConnection.php(738): CodeIgniter\Database\MySQLi\Connection->execute('SELECT SUM(`total`) AS `total`
FROM `orders`
WHERE `payment_status` = \'Complete\'')
 2 SYSTEMPATH\Database\BaseConnection.php(652): CodeIgniter\Database\BaseConnection->simpleQuery('SELECT SUM(`total`) AS `total`
FROM `orders`
WHERE `payment_status` = \'Complete\'')
 3 SYSTEMPATH\Database\BaseBuilder.php(1649): CodeIgniter\Database\BaseConnection->query('SELECT SUM(`total`) AS `total`
FROM `orders`
WHERE `payment_status` = :payment_status:', [...], false)
 4 SYSTEMPATH\Model.php(928): CodeIgniter\Database\BaseBuilder->get()
 5 APPPATH\Models\OrderModel.php(23): CodeIgniter\Model->__call('get', [])
 6 APPPATH\Controllers\Admin.php(47): App\Models\OrderModel->getTotalSales()
 7 SYSTEMPATH\CodeIgniter.php(933): App\Controllers\Admin->dashboard()
 8 SYSTEMPATH\CodeIgniter.php(507): CodeIgniter\CodeIgniter->runController(Object(App\Controllers\Admin))
 9 SYSTEMPATH\CodeIgniter.php(354): CodeIgniter\CodeIgniter->handleRequest(null, Object(Config\Cache), false)
10 SYSTEMPATH\Boot.php(334): CodeIgniter\CodeIgniter->run()
11 SYSTEMPATH\Boot.php(67): CodeIgniter\Boot::runCodeIgniter(Object(CodeIgniter\CodeIgniter))
12 FCPATH\index.php(59): CodeIgniter\Boot::bootWeb(Object(Config\Paths))
13 SYSTEMPATH\rewrite.php(44): require_once('C:\\xampp\\htdocs\\Order-Sys-CI4-main\\public\\index.php')
CRITICAL - 2025-06-12 23:10:47 --> [Caused by] mysqli_sql_exception: Unknown column 'payment_status' in 'where clause'
in SYSTEMPATH\Database\MySQLi\Connection.php on line 327.
 1 SYSTEMPATH\Database\MySQLi\Connection.php(327): mysqli->query('SELECT SUM(`total`) AS `total`
FROM `orders`
WHERE `payment_status` = \'Complete\'', 0)
 2 SYSTEMPATH\Database\BaseConnection.php(738): CodeIgniter\Database\MySQLi\Connection->execute('SELECT SUM(`total`) AS `total`
FROM `orders`
WHERE `payment_status` = \'Complete\'')
 3 SYSTEMPATH\Database\BaseConnection.php(652): CodeIgniter\Database\BaseConnection->simpleQuery('SELECT SUM(`total`) AS `total`
FROM `orders`
WHERE `payment_status` = \'Complete\'')
 4 SYSTEMPATH\Database\BaseBuilder.php(1649): CodeIgniter\Database\BaseConnection->query('SELECT SUM(`total`) AS `total`
FROM `orders`
WHERE `payment_status` = :payment_status:', [...], false)
 5 SYSTEMPATH\Model.php(928): CodeIgniter\Database\BaseBuilder->get()
 6 APPPATH\Models\OrderModel.php(23): CodeIgniter\Model->__call('get', [])
 7 APPPATH\Controllers\Admin.php(47): App\Models\OrderModel->getTotalSales()
 8 SYSTEMPATH\CodeIgniter.php(933): App\Controllers\Admin->dashboard()
 9 SYSTEMPATH\CodeIgniter.php(507): CodeIgniter\CodeIgniter->runController(Object(App\Controllers\Admin))
10 SYSTEMPATH\CodeIgniter.php(354): CodeIgniter\CodeIgniter->handleRequest(null, Object(Config\Cache), false)
11 SYSTEMPATH\Boot.php(334): CodeIgniter\CodeIgniter->run()
12 SYSTEMPATH\Boot.php(67): CodeIgniter\Boot::runCodeIgniter(Object(CodeIgniter\CodeIgniter))
13 FCPATH\index.php(59): CodeIgniter\Boot::bootWeb(Object(Config\Paths))
14 SYSTEMPATH\rewrite.php(44): require_once('C:\\xampp\\htdocs\\Order-Sys-CI4-main\\public\\index.php')
DEBUG - 2025-06-12 23:11:13 --> Session: Class initialized using 'CodeIgniter\Session\Handlers\FileHandler' driver.
DEBUG - 2025-06-12 23:11:14 --> Session: Class initialized using 'CodeIgniter\Session\Handlers\FileHandler' driver.
ERROR - 2025-06-12 23:11:14 --> mysqli_sql_exception: Table 'simpleordersystem.feedback' doesn't exist in C:\xampp\htdocs\Order-Sys-CI4-main\system\Database\MySQLi\Connection.php:327
Stack trace:
#0 C:\xampp\htdocs\Order-Sys-CI4-main\system\Database\MySQLi\Connection.php(327): mysqli->query('SELECT COUNT(*)...', 0)
#1 C:\xampp\htdocs\Order-Sys-CI4-main\system\Database\BaseConnection.php(738): CodeIgniter\Database\MySQLi\Connection->execute('SELECT COUNT(*)...')
#2 C:\xampp\htdocs\Order-Sys-CI4-main\system\Database\BaseConnection.php(652): CodeIgniter\Database\BaseConnection->simpleQuery('SELECT COUNT(*)...')
#3 C:\xampp\htdocs\Order-Sys-CI4-main\system\Database\BaseBuilder.php(1733): CodeIgniter\Database\BaseConnection->query('SELECT COUNT(*)...', Array, false)
#4 C:\xampp\htdocs\Order-Sys-CI4-main\app\Controllers\Admin.php(39): CodeIgniter\Database\BaseBuilder->countAllResults()
#5 C:\xampp\htdocs\Order-Sys-CI4-main\system\CodeIgniter.php(933): App\Controllers\Admin->dashboard()
#6 C:\xampp\htdocs\Order-Sys-CI4-main\system\CodeIgniter.php(507): CodeIgniter\CodeIgniter->runController(Object(App\Controllers\Admin))
#7 C:\xampp\htdocs\Order-Sys-CI4-main\system\CodeIgniter.php(354): CodeIgniter\CodeIgniter->handleRequest(NULL, Object(Config\Cache), false)
#8 C:\xampp\htdocs\Order-Sys-CI4-main\system\Boot.php(334): CodeIgniter\CodeIgniter->run()
#9 C:\xampp\htdocs\Order-Sys-CI4-main\system\Boot.php(67): CodeIgniter\Boot::runCodeIgniter(Object(CodeIgniter\CodeIgniter))
#10 C:\xampp\htdocs\Order-Sys-CI4-main\public\index.php(59): CodeIgniter\Boot::bootWeb(Object(Config\Paths))
#11 C:\xampp\htdocs\Order-Sys-CI4-main\system\rewrite.php(44): require_once('C:\\xampp\\htdocs...')
#12 {main}
ERROR - 2025-06-12 23:11:14 --> mysqli_sql_exception: Unknown column 'payment_status' in 'where clause' in C:\xampp\htdocs\Order-Sys-CI4-main\system\Database\MySQLi\Connection.php:327
Stack trace:
#0 C:\xampp\htdocs\Order-Sys-CI4-main\system\Database\MySQLi\Connection.php(327): mysqli->query('SELECT SUM(`tot...', 0)
#1 C:\xampp\htdocs\Order-Sys-CI4-main\system\Database\BaseConnection.php(738): CodeIgniter\Database\MySQLi\Connection->execute('SELECT SUM(`tot...')
#2 C:\xampp\htdocs\Order-Sys-CI4-main\system\Database\BaseConnection.php(652): CodeIgniter\Database\BaseConnection->simpleQuery('SELECT SUM(`tot...')
#3 C:\xampp\htdocs\Order-Sys-CI4-main\system\Database\BaseBuilder.php(1649): CodeIgniter\Database\BaseConnection->query('SELECT SUM(`tot...', Array, false)
#4 C:\xampp\htdocs\Order-Sys-CI4-main\system\Model.php(928): CodeIgniter\Database\BaseBuilder->get()
#5 C:\xampp\htdocs\Order-Sys-CI4-main\app\Models\OrderModel.php(23): CodeIgniter\Model->__call('get', Array)
#6 C:\xampp\htdocs\Order-Sys-CI4-main\app\Controllers\Admin.php(47): App\Models\OrderModel->getTotalSales()
#7 C:\xampp\htdocs\Order-Sys-CI4-main\system\CodeIgniter.php(933): App\Controllers\Admin->dashboard()
#8 C:\xampp\htdocs\Order-Sys-CI4-main\system\CodeIgniter.php(507): CodeIgniter\CodeIgniter->runController(Object(App\Controllers\Admin))
#9 C:\xampp\htdocs\Order-Sys-CI4-main\system\CodeIgniter.php(354): CodeIgniter\CodeIgniter->handleRequest(NULL, Object(Config\Cache), false)
#10 C:\xampp\htdocs\Order-Sys-CI4-main\system\Boot.php(334): CodeIgniter\CodeIgniter->run()
#11 C:\xampp\htdocs\Order-Sys-CI4-main\system\Boot.php(67): CodeIgniter\Boot::runCodeIgniter(Object(CodeIgniter\CodeIgniter))
#12 C:\xampp\htdocs\Order-Sys-CI4-main\public\index.php(59): CodeIgniter\Boot::bootWeb(Object(Config\Paths))
#13 C:\xampp\htdocs\Order-Sys-CI4-main\system\rewrite.php(44): require_once('C:\\xampp\\htdocs...')
#14 {main}
CRITICAL - 2025-06-12 23:11:14 --> CodeIgniter\Database\Exceptions\DatabaseException: Unknown column 'payment_status' in 'where clause'
[Method: GET, Route: admin/dashboard]
in SYSTEMPATH\Database\BaseConnection.php on line 692.
 1 SYSTEMPATH\Database\BaseBuilder.php(1649): CodeIgniter\Database\BaseConnection->query('SELECT SUM(`total`) AS `total`
FROM `orders`
WHERE `payment_status` = :payment_status:', [...], false)
 2 SYSTEMPATH\Model.php(928): CodeIgniter\Database\BaseBuilder->get()
 3 APPPATH\Models\OrderModel.php(23): CodeIgniter\Model->__call('get', [])
 4 APPPATH\Controllers\Admin.php(47): App\Models\OrderModel->getTotalSales()
 5 SYSTEMPATH\CodeIgniter.php(933): App\Controllers\Admin->dashboard()
 6 SYSTEMPATH\CodeIgniter.php(507): CodeIgniter\CodeIgniter->runController(Object(App\Controllers\Admin))
 7 SYSTEMPATH\CodeIgniter.php(354): CodeIgniter\CodeIgniter->handleRequest(null, Object(Config\Cache), false)
 8 SYSTEMPATH\Boot.php(334): CodeIgniter\CodeIgniter->run()
 9 SYSTEMPATH\Boot.php(67): CodeIgniter\Boot::runCodeIgniter(Object(CodeIgniter\CodeIgniter))
10 FCPATH\index.php(59): CodeIgniter\Boot::bootWeb(Object(Config\Paths))
11 SYSTEMPATH\rewrite.php(44): require_once('C:\\xampp\\htdocs\\Order-Sys-CI4-main\\public\\index.php')
CRITICAL - 2025-06-12 23:11:14 --> [Caused by] CodeIgniter\Database\Exceptions\DatabaseException: Unknown column 'payment_status' in 'where clause'
in SYSTEMPATH\Database\MySQLi\Connection.php on line 332.
 1 SYSTEMPATH\Database\BaseConnection.php(738): CodeIgniter\Database\MySQLi\Connection->execute('SELECT SUM(`total`) AS `total`
FROM `orders`
WHERE `payment_status` = \'Complete\'')
 2 SYSTEMPATH\Database\BaseConnection.php(652): CodeIgniter\Database\BaseConnection->simpleQuery('SELECT SUM(`total`) AS `total`
FROM `orders`
WHERE `payment_status` = \'Complete\'')
 3 SYSTEMPATH\Database\BaseBuilder.php(1649): CodeIgniter\Database\BaseConnection->query('SELECT SUM(`total`) AS `total`
FROM `orders`
WHERE `payment_status` = :payment_status:', [...], false)
 4 SYSTEMPATH\Model.php(928): CodeIgniter\Database\BaseBuilder->get()
 5 APPPATH\Models\OrderModel.php(23): CodeIgniter\Model->__call('get', [])
 6 APPPATH\Controllers\Admin.php(47): App\Models\OrderModel->getTotalSales()
 7 SYSTEMPATH\CodeIgniter.php(933): App\Controllers\Admin->dashboard()
 8 SYSTEMPATH\CodeIgniter.php(507): CodeIgniter\CodeIgniter->runController(Object(App\Controllers\Admin))
 9 SYSTEMPATH\CodeIgniter.php(354): CodeIgniter\CodeIgniter->handleRequest(null, Object(Config\Cache), false)
10 SYSTEMPATH\Boot.php(334): CodeIgniter\CodeIgniter->run()
11 SYSTEMPATH\Boot.php(67): CodeIgniter\Boot::runCodeIgniter(Object(CodeIgniter\CodeIgniter))
12 FCPATH\index.php(59): CodeIgniter\Boot::bootWeb(Object(Config\Paths))
13 SYSTEMPATH\rewrite.php(44): require_once('C:\\xampp\\htdocs\\Order-Sys-CI4-main\\public\\index.php')
CRITICAL - 2025-06-12 23:11:14 --> [Caused by] mysqli_sql_exception: Unknown column 'payment_status' in 'where clause'
in SYSTEMPATH\Database\MySQLi\Connection.php on line 327.
 1 SYSTEMPATH\Database\MySQLi\Connection.php(327): mysqli->query('SELECT SUM(`total`) AS `total`
FROM `orders`
WHERE `payment_status` = \'Complete\'', 0)
 2 SYSTEMPATH\Database\BaseConnection.php(738): CodeIgniter\Database\MySQLi\Connection->execute('SELECT SUM(`total`) AS `total`
FROM `orders`
WHERE `payment_status` = \'Complete\'')
 3 SYSTEMPATH\Database\BaseConnection.php(652): CodeIgniter\Database\BaseConnection->simpleQuery('SELECT SUM(`total`) AS `total`
FROM `orders`
WHERE `payment_status` = \'Complete\'')
 4 SYSTEMPATH\Database\BaseBuilder.php(1649): CodeIgniter\Database\BaseConnection->query('SELECT SUM(`total`) AS `total`
FROM `orders`
WHERE `payment_status` = :payment_status:', [...], false)
 5 SYSTEMPATH\Model.php(928): CodeIgniter\Database\BaseBuilder->get()
 6 APPPATH\Models\OrderModel.php(23): CodeIgniter\Model->__call('get', [])
 7 APPPATH\Controllers\Admin.php(47): App\Models\OrderModel->getTotalSales()
 8 SYSTEMPATH\CodeIgniter.php(933): App\Controllers\Admin->dashboard()
 9 SYSTEMPATH\CodeIgniter.php(507): CodeIgniter\CodeIgniter->runController(Object(App\Controllers\Admin))
10 SYSTEMPATH\CodeIgniter.php(354): CodeIgniter\CodeIgniter->handleRequest(null, Object(Config\Cache), false)
11 SYSTEMPATH\Boot.php(334): CodeIgniter\CodeIgniter->run()
12 SYSTEMPATH\Boot.php(67): CodeIgniter\Boot::runCodeIgniter(Object(CodeIgniter\CodeIgniter))
13 FCPATH\index.php(59): CodeIgniter\Boot::bootWeb(Object(Config\Paths))
14 SYSTEMPATH\rewrite.php(44): require_once('C:\\xampp\\htdocs\\Order-Sys-CI4-main\\public\\index.php')
DEBUG - 2025-06-12 23:30:46 --> Session: Class initialized using 'CodeIgniter\Session\Handlers\FileHandler' driver.
DEBUG - 2025-06-12 23:30:55 --> Session: Class initialized using 'CodeIgniter\Session\Handlers\FileHandler' driver.
ERROR - 2025-06-12 23:30:55 --> mysqli_sql_exception: Table 'simpleordersystem.feedback' doesn't exist in C:\xampp\htdocs\Order-Sys-CI4-main\system\Database\MySQLi\Connection.php:327
Stack trace:
#0 C:\xampp\htdocs\Order-Sys-CI4-main\system\Database\MySQLi\Connection.php(327): mysqli->query('SELECT COUNT(*)...', 0)
#1 C:\xampp\htdocs\Order-Sys-CI4-main\system\Database\BaseConnection.php(738): CodeIgniter\Database\MySQLi\Connection->execute('SELECT COUNT(*)...')
#2 C:\xampp\htdocs\Order-Sys-CI4-main\system\Database\BaseConnection.php(652): CodeIgniter\Database\BaseConnection->simpleQuery('SELECT COUNT(*)...')
#3 C:\xampp\htdocs\Order-Sys-CI4-main\system\Database\BaseBuilder.php(1733): CodeIgniter\Database\BaseConnection->query('SELECT COUNT(*)...', Array, false)
#4 C:\xampp\htdocs\Order-Sys-CI4-main\app\Controllers\Admin.php(39): CodeIgniter\Database\BaseBuilder->countAllResults()
#5 C:\xampp\htdocs\Order-Sys-CI4-main\system\CodeIgniter.php(933): App\Controllers\Admin->dashboard()
#6 C:\xampp\htdocs\Order-Sys-CI4-main\system\CodeIgniter.php(507): CodeIgniter\CodeIgniter->runController(Object(App\Controllers\Admin))
#7 C:\xampp\htdocs\Order-Sys-CI4-main\system\CodeIgniter.php(354): CodeIgniter\CodeIgniter->handleRequest(NULL, Object(Config\Cache), false)
#8 C:\xampp\htdocs\Order-Sys-CI4-main\system\Boot.php(334): CodeIgniter\CodeIgniter->run()
#9 C:\xampp\htdocs\Order-Sys-CI4-main\system\Boot.php(67): CodeIgniter\Boot::runCodeIgniter(Object(CodeIgniter\CodeIgniter))
#10 C:\xampp\htdocs\Order-Sys-CI4-main\public\index.php(59): CodeIgniter\Boot::bootWeb(Object(Config\Paths))
#11 C:\xampp\htdocs\Order-Sys-CI4-main\system\rewrite.php(44): require_once('C:\\xampp\\htdocs...')
#12 {main}
DEBUG - 2025-06-12 23:30:59 --> Session: Class initialized using 'CodeIgniter\Session\Handlers\FileHandler' driver.
DEBUG - 2025-06-12 23:31:05 --> Session: Class initialized using 'CodeIgniter\Session\Handlers\FileHandler' driver.
DEBUG - 2025-06-12 23:31:09 --> Session: Class initialized using 'CodeIgniter\Session\Handlers\FileHandler' driver.
DEBUG - 2025-06-12 23:31:19 --> Session: Class initialized using 'CodeIgniter\Session\Handlers\FileHandler' driver.
DEBUG - 2025-06-12 23:31:19 --> Session: Class initialized using 'CodeIgniter\Session\Handlers\FileHandler' driver.
DEBUG - 2025-06-12 23:31:23 --> Session: Class initialized using 'CodeIgniter\Session\Handlers\FileHandler' driver.
CRITICAL - 2025-06-12 23:31:23 --> ErrorException: Undefined array key "first_name"
[Method: GET, Route: profile]
in APPPATH\Views\users\profile.php on line 7.
 1 APPPATH\Views\users\profile.php(7): CodeIgniter\Debug\Exceptions->errorHandler(2, 'Undefined array key "first_name"', 'C:\\xampp\\htdocs\\Order-Sys-CI4-main\\app\\Views\\users\\profile.php', 7)
 2 SYSTEMPATH\View\View.php(224): include('C:\\xampp\\htdocs\\Order-Sys-CI4-main\\app\\Views\\users\\profile.php')
 3 SYSTEMPATH\View\View.php(227): CodeIgniter\View\View->CodeIgniter\View\{closure}()
 4 SYSTEMPATH\Common.php(1173): CodeIgniter\View\View->render('users/profile', [], true)
 5 APPPATH\Controllers\Users.php(61): view('users/profile')
 6 SYSTEMPATH\CodeIgniter.php(933): App\Controllers\Users->profile()
 7 SYSTEMPATH\CodeIgniter.php(507): CodeIgniter\CodeIgniter->runController(Object(App\Controllers\Users))
 8 SYSTEMPATH\CodeIgniter.php(354): CodeIgniter\CodeIgniter->handleRequest(null, Object(Config\Cache), false)
 9 SYSTEMPATH\Boot.php(334): CodeIgniter\CodeIgniter->run()
10 SYSTEMPATH\Boot.php(67): CodeIgniter\Boot::runCodeIgniter(Object(CodeIgniter\CodeIgniter))
11 FCPATH\index.php(59): CodeIgniter\Boot::bootWeb(Object(Config\Paths))
12 SYSTEMPATH\rewrite.php(44): require_once('C:\\xampp\\htdocs\\Order-Sys-CI4-main\\public\\index.php')
DEBUG - 2025-06-12 23:33:00 --> Session: Class initialized using 'CodeIgniter\Session\Handlers\FileHandler' driver.
DEBUG - 2025-06-12 23:33:06 --> Session: Class initialized using 'CodeIgniter\Session\Handlers\FileHandler' driver.
DEBUG - 2025-06-12 23:33:06 --> Session: Class initialized using 'CodeIgniter\Session\Handlers\FileHandler' driver.
DEBUG - 2025-06-12 23:33:09 --> Session: Class initialized using 'CodeIgniter\Session\Handlers\FileHandler' driver.
DEBUG - 2025-06-12 23:33:12 --> Session: Class initialized using 'CodeIgniter\Session\Handlers\FileHandler' driver.
DEBUG - 2025-06-12 23:33:16 --> Session: Class initialized using 'CodeIgniter\Session\Handlers\FileHandler' driver.
DEBUG - 2025-06-12 23:33:16 --> Session: Class initialized using 'CodeIgniter\Session\Handlers\FileHandler' driver.
DEBUG - 2025-06-12 23:33:18 --> Session: Class initialized using 'CodeIgniter\Session\Handlers\FileHandler' driver.
DEBUG - 2025-06-12 23:34:20 --> Session: Class initialized using 'CodeIgniter\Session\Handlers\FileHandler' driver.
DEBUG - 2025-06-12 23:34:21 --> Session: Class initialized using 'CodeIgniter\Session\Handlers\FileHandler' driver.
DEBUG - 2025-06-12 23:34:24 --> Session: Class initialized using 'CodeIgniter\Session\Handlers\FileHandler' driver.
DEBUG - 2025-06-12 23:34:41 --> Session: Class initialized using 'CodeIgniter\Session\Handlers\FileHandler' driver.
DEBUG - 2025-06-12 23:34:41 --> Session: Class initialized using 'CodeIgniter\Session\Handlers\FileHandler' driver.
DEBUG - 2025-06-12 23:34:57 --> Session: Class initialized using 'CodeIgniter\Session\Handlers\FileHandler' driver.
DEBUG - 2025-06-12 23:34:58 --> Session: Class initialized using 'CodeIgniter\Session\Handlers\FileHandler' driver.
DEBUG - 2025-06-12 23:35:05 --> Session: Class initialized using 'CodeIgniter\Session\Handlers\FileHandler' driver.
DEBUG - 2025-06-12 23:35:05 --> Session: Class initialized using 'CodeIgniter\Session\Handlers\FileHandler' driver.
DEBUG - 2025-06-12 23:35:07 --> Session: Class initialized using 'CodeIgniter\Session\Handlers\FileHandler' driver.
DEBUG - 2025-06-12 23:35:14 --> Session: Class initialized using 'CodeIgniter\Session\Handlers\FileHandler' driver.
DEBUG - 2025-06-12 23:35:14 --> Session: Class initialized using 'CodeIgniter\Session\Handlers\FileHandler' driver.
DEBUG - 2025-06-12 23:35:18 --> Session: Class initialized using 'CodeIgniter\Session\Handlers\FileHandler' driver.
DEBUG - 2025-06-12 23:35:18 --> Session: Class initialized using 'CodeIgniter\Session\Handlers\FileHandler' driver.
DEBUG - 2025-06-12 23:35:28 --> Session: Class initialized using 'CodeIgniter\Session\Handlers\FileHandler' driver.
DEBUG - 2025-06-12 23:35:28 --> Session: Class initialized using 'CodeIgniter\Session\Handlers\FileHandler' driver.
ERROR - 2025-06-12 23:35:28 --> mysqli_sql_exception: Table 'simpleordersystem.feedback' doesn't exist in C:\xampp\htdocs\Order-Sys-CI4-main\system\Database\MySQLi\Connection.php:327
Stack trace:
#0 C:\xampp\htdocs\Order-Sys-CI4-main\system\Database\MySQLi\Connection.php(327): mysqli->query('SELECT COUNT(*)...', 0)
#1 C:\xampp\htdocs\Order-Sys-CI4-main\system\Database\BaseConnection.php(738): CodeIgniter\Database\MySQLi\Connection->execute('SELECT COUNT(*)...')
#2 C:\xampp\htdocs\Order-Sys-CI4-main\system\Database\BaseConnection.php(652): CodeIgniter\Database\BaseConnection->simpleQuery('SELECT COUNT(*)...')
#3 C:\xampp\htdocs\Order-Sys-CI4-main\system\Database\BaseBuilder.php(1733): CodeIgniter\Database\BaseConnection->query('SELECT COUNT(*)...', Array, false)
#4 C:\xampp\htdocs\Order-Sys-CI4-main\app\Controllers\Admin.php(39): CodeIgniter\Database\BaseBuilder->countAllResults()
#5 C:\xampp\htdocs\Order-Sys-CI4-main\system\CodeIgniter.php(933): App\Controllers\Admin->dashboard()
#6 C:\xampp\htdocs\Order-Sys-CI4-main\system\CodeIgniter.php(507): CodeIgniter\CodeIgniter->runController(Object(App\Controllers\Admin))
#7 C:\xampp\htdocs\Order-Sys-CI4-main\system\CodeIgniter.php(354): CodeIgniter\CodeIgniter->handleRequest(NULL, Object(Config\Cache), false)
#8 C:\xampp\htdocs\Order-Sys-CI4-main\system\Boot.php(334): CodeIgniter\CodeIgniter->run()
#9 C:\xampp\htdocs\Order-Sys-CI4-main\system\Boot.php(67): CodeIgniter\Boot::runCodeIgniter(Object(CodeIgniter\CodeIgniter))
#10 C:\xampp\htdocs\Order-Sys-CI4-main\public\index.php(59): CodeIgniter\Boot::bootWeb(Object(Config\Paths))
#11 C:\xampp\htdocs\Order-Sys-CI4-main\system\rewrite.php(44): require_once('C:\\xampp\\htdocs...')
#12 {main}
DEBUG - 2025-06-12 23:35:31 --> Session: Class initialized using 'CodeIgniter\Session\Handlers\FileHandler' driver.
DEBUG - 2025-06-12 23:35:59 --> Session: Class initialized using 'CodeIgniter\Session\Handlers\FileHandler' driver.
DEBUG - 2025-06-12 23:36:03 --> Session: Class initialized using 'CodeIgniter\Session\Handlers\FileHandler' driver.
ERROR - 2025-06-12 23:36:03 --> mysqli_sql_exception: Table 'simpleordersystem.feedback' doesn't exist in C:\xampp\htdocs\Order-Sys-CI4-main\system\Database\MySQLi\Connection.php:327
Stack trace:
#0 C:\xampp\htdocs\Order-Sys-CI4-main\system\Database\MySQLi\Connection.php(327): mysqli->query('SELECT COUNT(*)...', 0)
#1 C:\xampp\htdocs\Order-Sys-CI4-main\system\Database\BaseConnection.php(738): CodeIgniter\Database\MySQLi\Connection->execute('SELECT COUNT(*)...')
#2 C:\xampp\htdocs\Order-Sys-CI4-main\system\Database\BaseConnection.php(652): CodeIgniter\Database\BaseConnection->simpleQuery('SELECT COUNT(*)...')
#3 C:\xampp\htdocs\Order-Sys-CI4-main\system\Database\BaseBuilder.php(1733): CodeIgniter\Database\BaseConnection->query('SELECT COUNT(*)...', Array, false)
#4 C:\xampp\htdocs\Order-Sys-CI4-main\app\Controllers\Admin.php(39): CodeIgniter\Database\BaseBuilder->countAllResults()
#5 C:\xampp\htdocs\Order-Sys-CI4-main\system\CodeIgniter.php(933): App\Controllers\Admin->dashboard()
#6 C:\xampp\htdocs\Order-Sys-CI4-main\system\CodeIgniter.php(507): CodeIgniter\CodeIgniter->runController(Object(App\Controllers\Admin))
#7 C:\xampp\htdocs\Order-Sys-CI4-main\system\CodeIgniter.php(354): CodeIgniter\CodeIgniter->handleRequest(NULL, Object(Config\Cache), false)
#8 C:\xampp\htdocs\Order-Sys-CI4-main\system\Boot.php(334): CodeIgniter\CodeIgniter->run()
#9 C:\xampp\htdocs\Order-Sys-CI4-main\system\Boot.php(67): CodeIgniter\Boot::runCodeIgniter(Object(CodeIgniter\CodeIgniter))
#10 C:\xampp\htdocs\Order-Sys-CI4-main\public\index.php(59): CodeIgniter\Boot::bootWeb(Object(Config\Paths))
#11 C:\xampp\htdocs\Order-Sys-CI4-main\system\rewrite.php(44): require_once('C:\\xampp\\htdocs...')
#12 {main}
DEBUG - 2025-06-12 23:36:09 --> Session: Class initialized using 'CodeIgniter\Session\Handlers\FileHandler' driver.
DEBUG - 2025-06-12 23:36:15 --> Session: Class initialized using 'CodeIgniter\Session\Handlers\FileHandler' driver.
DEBUG - 2025-06-12 23:36:16 --> Session: Class initialized using 'CodeIgniter\Session\Handlers\FileHandler' driver.
DEBUG - 2025-06-12 23:36:16 --> Session: Class initialized using 'CodeIgniter\Session\Handlers\FileHandler' driver.
ERROR - 2025-06-12 23:36:16 --> mysqli_sql_exception: Table 'simpleordersystem.feedback' doesn't exist in C:\xampp\htdocs\Order-Sys-CI4-main\system\Database\MySQLi\Connection.php:327
Stack trace:
#0 C:\xampp\htdocs\Order-Sys-CI4-main\system\Database\MySQLi\Connection.php(327): mysqli->query('SELECT COUNT(*)...', 0)
#1 C:\xampp\htdocs\Order-Sys-CI4-main\system\Database\BaseConnection.php(738): CodeIgniter\Database\MySQLi\Connection->execute('SELECT COUNT(*)...')
#2 C:\xampp\htdocs\Order-Sys-CI4-main\system\Database\BaseConnection.php(652): CodeIgniter\Database\BaseConnection->simpleQuery('SELECT COUNT(*)...')
#3 C:\xampp\htdocs\Order-Sys-CI4-main\system\Database\BaseBuilder.php(1733): CodeIgniter\Database\BaseConnection->query('SELECT COUNT(*)...', Array, false)
#4 C:\xampp\htdocs\Order-Sys-CI4-main\app\Controllers\Admin.php(39): CodeIgniter\Database\BaseBuilder->countAllResults()
#5 C:\xampp\htdocs\Order-Sys-CI4-main\system\CodeIgniter.php(933): App\Controllers\Admin->dashboard()
#6 C:\xampp\htdocs\Order-Sys-CI4-main\system\CodeIgniter.php(507): CodeIgniter\CodeIgniter->runController(Object(App\Controllers\Admin))
#7 C:\xampp\htdocs\Order-Sys-CI4-main\system\CodeIgniter.php(354): CodeIgniter\CodeIgniter->handleRequest(NULL, Object(Config\Cache), false)
#8 C:\xampp\htdocs\Order-Sys-CI4-main\system\Boot.php(334): CodeIgniter\CodeIgniter->run()
#9 C:\xampp\htdocs\Order-Sys-CI4-main\system\Boot.php(67): CodeIgniter\Boot::runCodeIgniter(Object(CodeIgniter\CodeIgniter))
#10 C:\xampp\htdocs\Order-Sys-CI4-main\public\index.php(59): CodeIgniter\Boot::bootWeb(Object(Config\Paths))
#11 C:\xampp\htdocs\Order-Sys-CI4-main\system\rewrite.php(44): require_once('C:\\xampp\\htdocs...')
#12 {main}
DEBUG - 2025-06-12 23:37:10 --> Session: Class initialized using 'CodeIgniter\Session\Handlers\FileHandler' driver.
DEBUG - 2025-06-12 23:37:29 --> Session: Class initialized using 'CodeIgniter\Session\Handlers\FileHandler' driver.
DEBUG - 2025-06-12 23:37:47 --> Session: Class initialized using 'CodeIgniter\Session\Handlers\FileHandler' driver.
